  Performing Custom Build Tools
  shaders\shader.frag
  Performing Custom Build Tools
  shaders\shader.vert
  Performing Custom Build Tools
  shaders\lighting.frag
  Performing Custom Build Tools
  shaders\lighting.vert
  Performing Custom Build Tools
  shaders\debug0.frag
  Performing Custom Build Tools
  shaders\debug1.frag
  Performing Custom Build Tools
  shaders\debug2.frag
  Performing Custom Build Tools
  shaders\debug3.frag
  Performing Custom Build Tools
  shaders\debug4.frag
  Performing Custom Build Tools
  shaders\debug5.frag
  Performing Custom Build Tools
  shaders\debug6.frag
  Performing Custom Build Tools
  shaders\postprocess.vert
  Performing Custom Build Tools
  shaders\HDRHighlight.frag
  Performing Custom Build Tools
  shaders\debug10.frag
  Performing Custom Build Tools
  shaders\debug11.frag
  Performing Custom Build Tools
  shaders\debug7.frag
  Performing Custom Build Tools
  shaders\debug8.frag
  Performing Custom Build Tools
  shaders\debug9.frag
  Performing Custom Build Tools
  shaders\scene.frag
  Performing Custom Build Tools
  shaders\debug.vert
  Performing Custom Build Tools
  shaders\horizontalBlur.frag
  Performing Custom Build Tools
  shaders\verticalBlur.frag
  Performing Custom Build Tools
  shaders\lastPostProcess.frag
  Actor.cpp
  Light.cpp
  Asset.cpp
  AssetDatabase.cpp
  Texture.cpp
  Camera.cpp
  Geometry.cpp
  Material.cpp
  Object.cpp
  tiny_obj_loader.cc
  PostProcess.cpp
  VulkanApp.cpp
  main.cpp
  Generating code
  All 4220 functions were compiled because no usable IPDB/IOBJ from previous compilation was found.
  Finished generating code
  VR Project.vcxproj -> C:\Users\Jin\Documents\GitHub\Vulkan-VR-FrameWork\Release\VR Project.exe
  VR Project.vcxproj -> C:\Users\Jin\Documents\GitHub\Vulkan-VR-FrameWork\Release\VR Project.pdb (Full PDB)
