c:\users\jin\documents\visual studio 2015\projects\vr project\vr project\x64\debug\vc140.pdb
c:\users\jin\documents\visual studio 2015\projects\vr project\vr project\x64\debug\vc140.idb
c:\users\jin\documents\visual studio 2015\projects\vr project\vr project\x64\debug\asset.obj
c:\users\jin\documents\visual studio 2015\projects\vr project\vr project\x64\debug\assetdatabase.obj
c:\users\jin\documents\visual studio 2015\projects\vr project\vr project\x64\debug\tiny_obj_loader.obj
c:\users\jin\documents\visual studio 2015\projects\vr project\vr project\x64\debug\geometry.obj
c:\users\jin\documents\visual studio 2015\projects\vr project\vr project\x64\debug\vulkanapp.obj
c:\users\jin\documents\visual studio 2015\projects\vr project\vr project\x64\debug\main.obj
c:\users\jin\documents\visual studio 2015\projects\vr project\vr project\x64\debug\object.obj
c:\users\jin\documents\visual studio 2015\projects\vr project\vr project\x64\debug\camera.obj
c:\users\jin\documents\visual studio 2015\projects\vr project\vr project\x64\debug\material.obj
c:\users\jin\documents\visual studio 2015\projects\vr project\vr project\shaders\shader.frag.spv
c:\users\jin\documents\visual studio 2015\projects\vr project\vr project\shaders\shader.vert.spv
c:\users\jin\documents\visual studio 2015\projects\vr project\x64\debug\vr project.ilk
c:\users\jin\documents\visual studio 2015\projects\vr project\x64\debug\vr project.exe
c:\users\jin\documents\visual studio 2015\projects\vr project\x64\debug\vr project.pdb
c:\users\jin\documents\visual studio 2015\projects\vr project\vr project\x64\debug\vr project.tlog\cl.command.1.tlog
c:\users\jin\documents\visual studio 2015\projects\vr project\vr project\x64\debug\vr project.tlog\cl.read.1.tlog
c:\users\jin\documents\visual studio 2015\projects\vr project\vr project\x64\debug\vr project.tlog\cl.write.1.tlog
c:\users\jin\documents\visual studio 2015\projects\vr project\vr project\x64\debug\vr project.tlog\custombuild.command.1.tlog
c:\users\jin\documents\visual studio 2015\projects\vr project\vr project\x64\debug\vr project.tlog\custombuild.read.1.tlog
c:\users\jin\documents\visual studio 2015\projects\vr project\vr project\x64\debug\vr project.tlog\custombuild.write.1.tlog
c:\users\jin\documents\visual studio 2015\projects\vr project\vr project\x64\debug\vr project.tlog\link.command.1.tlog
c:\users\jin\documents\visual studio 2015\projects\vr project\vr project\x64\debug\vr project.tlog\link.read.1.tlog
c:\users\jin\documents\visual studio 2015\projects\vr project\vr project\x64\debug\vr project.tlog\link.write.1.tlog
